c:\users\vanfo\onedrive - aueb.gr\opa\3ο εξάμηνο\inf232 - προγραμματισμός υπολογιστών με c++\εργασία\git\cppplatformersgg\cppplatformersgg\x64\release\vc143.pdb
c:\users\vanfo\onedrive - aueb.gr\opa\3ο εξάμηνο\inf232 - προγραμματισμός υπολογιστών με c++\εργασία\git\cppplatformersgg\cppplatformersgg\x64\release\wall.obj
c:\users\vanfo\onedrive - aueb.gr\opa\3ο εξάμηνο\inf232 - προγραμματισμός υπολογιστών με c++\εργασία\git\cppplatformersgg\cppplatformersgg\x64\release\strawberry.obj
c:\users\vanfo\onedrive - aueb.gr\opa\3ο εξάμηνο\inf232 - προγραμματισμός υπολογιστών με c++\εργασία\git\cppplatformersgg\cppplatformersgg\x64\release\powerup.obj
c:\users\vanfo\onedrive - aueb.gr\opa\3ο εξάμηνο\inf232 - προγραμματισμός υπολογιστών με c++\εργασία\git\cppplatformersgg\cppplatformersgg\x64\release\player.obj
c:\users\vanfo\onedrive - aueb.gr\opa\3ο εξάμηνο\inf232 - προγραμματισμός υπολογιστών με c++\εργασία\git\cppplatformersgg\cppplatformersgg\x64\release\pineapple.obj
c:\users\vanfo\onedrive - aueb.gr\opa\3ο εξάμηνο\inf232 - προγραμματισμός υπολογιστών με c++\εργασία\git\cppplatformersgg\cppplatformersgg\x64\release\orange.obj
c:\users\vanfo\onedrive - aueb.gr\opa\3ο εξάμηνο\inf232 - προγραμματισμός υπολογιστών με c++\εργασία\git\cppplatformersgg\cppplatformersgg\x64\release\melon.obj
c:\users\vanfo\onedrive - aueb.gr\opa\3ο εξάμηνο\inf232 - προγραμματισμός υπολογιστών με c++\εργασία\git\cppplatformersgg\cppplatformersgg\x64\release\main.obj
c:\users\vanfo\onedrive - aueb.gr\opa\3ο εξάμηνο\inf232 - προγραμματισμός υπολογιστών με c++\εργασία\git\cppplatformersgg\cppplatformersgg\x64\release\level.obj
c:\users\vanfo\onedrive - aueb.gr\opa\3ο εξάμηνο\inf232 - προγραμματισμός υπολογιστών με c++\εργασία\git\cppplatformersgg\cppplatformersgg\x64\release\kiwi.obj
c:\users\vanfo\onedrive - aueb.gr\opa\3ο εξάμηνο\inf232 - προγραμματισμός υπολογιστών με c++\εργασία\git\cppplatformersgg\cppplatformersgg\x64\release\gamestate.obj
c:\users\vanfo\onedrive - aueb.gr\opa\3ο εξάμηνο\inf232 - προγραμματισμός υπολογιστών με c++\εργασία\git\cppplatformersgg\cppplatformersgg\x64\release\gameobject.obj
c:\users\vanfo\onedrive - aueb.gr\opa\3ο εξάμηνο\inf232 - προγραμματισμός υπολογιστών με c++\εργασία\git\cppplatformersgg\cppplatformersgg\x64\release\event.obj
c:\users\vanfo\onedrive - aueb.gr\opa\3ο εξάμηνο\inf232 - προγραμματισμός υπολογιστών με c++\εργασία\git\cppplatformersgg\cppplatformersgg\x64\release\enemy.obj
c:\users\vanfo\onedrive - aueb.gr\opa\3ο εξάμηνο\inf232 - προγραμματισμός υπολογιστών με c++\εργασία\git\cppplatformersgg\cppplatformersgg\x64\release\cherries.obj
c:\users\vanfo\onedrive - aueb.gr\opa\3ο εξάμηνο\inf232 - προγραμματισμός υπολογιστών με c++\εργασία\git\cppplatformersgg\cppplatformersgg\x64\release\bananas.obj
c:\users\vanfo\onedrive - aueb.gr\opa\3ο εξάμηνο\inf232 - προγραμματισμός υπολογιστών με c++\εργασία\git\cppplatformersgg\cppplatformersgg\x64\release\apple.obj
c:\users\vanfo\onedrive - aueb.gr\opa\3ο εξάμηνο\inf232 - προγραμματισμός υπολογιστών με c++\εργασία\git\cppplatformersgg\bin\cppplatformersgg.exe
c:\users\vanfo\onedrive - aueb.gr\opa\3ο εξάμηνο\inf232 - προγραμματισμός υπολογιστών με c++\εργασία\git\cppplatformersgg\cppplatformersgg\x64\release\cppplatformersgg.ipdb
c:\users\vanfo\onedrive - aueb.gr\opa\3ο εξάμηνο\inf232 - προγραμματισμός υπολογιστών με c++\εργασία\git\cppplatformersgg\bin\cppplatformersgg.pdb
c:\users\vanfo\onedrive - aueb.gr\opa\3ο εξάμηνο\inf232 - προγραμματισμός υπολογιστών με c++\εργασία\git\cppplatformersgg\cppplatformersgg\x64\release\cppplatformersgg.iobj
c:\users\fotis\onedrive - aueb.gr\opa\3ο εξάμηνο\inf232 - προγραμματισμός υπολογιστών με c++\εργασία\git\cppplatformersgg\cppplatformersgg\x64\release\apple.obj
c:\users\fotis\onedrive - aueb.gr\opa\3ο εξάμηνο\inf232 - προγραμματισμός υπολογιστών με c++\εργασία\git\cppplatformersgg\cppplatformersgg\x64\release\bananas.obj
c:\users\fotis\onedrive - aueb.gr\opa\3ο εξάμηνο\inf232 - προγραμματισμός υπολογιστών με c++\εργασία\git\cppplatformersgg\cppplatformersgg\x64\release\cherries.obj
c:\users\fotis\onedrive - aueb.gr\opa\3ο εξάμηνο\inf232 - προγραμματισμός υπολογιστών με c++\εργασία\git\cppplatformersgg\cppplatformersgg\x64\release\enemy.obj
c:\users\fotis\onedrive - aueb.gr\opa\3ο εξάμηνο\inf232 - προγραμματισμός υπολογιστών με c++\εργασία\git\cppplatformersgg\cppplatformersgg\x64\release\event.obj
c:\users\fotis\onedrive - aueb.gr\opa\3ο εξάμηνο\inf232 - προγραμματισμός υπολογιστών με c++\εργασία\git\cppplatformersgg\cppplatformersgg\x64\release\gameobject.obj
c:\users\fotis\onedrive - aueb.gr\opa\3ο εξάμηνο\inf232 - προγραμματισμός υπολογιστών με c++\εργασία\git\cppplatformersgg\cppplatformersgg\x64\release\gamestate.obj
c:\users\fotis\onedrive - aueb.gr\opa\3ο εξάμηνο\inf232 - προγραμματισμός υπολογιστών με c++\εργασία\git\cppplatformersgg\cppplatformersgg\x64\release\kiwi.obj
c:\users\fotis\onedrive - aueb.gr\opa\3ο εξάμηνο\inf232 - προγραμματισμός υπολογιστών με c++\εργασία\git\cppplatformersgg\cppplatformersgg\x64\release\level.obj
c:\users\fotis\onedrive - aueb.gr\opa\3ο εξάμηνο\inf232 - προγραμματισμός υπολογιστών με c++\εργασία\git\cppplatformersgg\cppplatformersgg\x64\release\main.obj
c:\users\fotis\onedrive - aueb.gr\opa\3ο εξάμηνο\inf232 - προγραμματισμός υπολογιστών με c++\εργασία\git\cppplatformersgg\cppplatformersgg\x64\release\melon.obj
c:\users\fotis\onedrive - aueb.gr\opa\3ο εξάμηνο\inf232 - προγραμματισμός υπολογιστών με c++\εργασία\git\cppplatformersgg\cppplatformersgg\x64\release\orange.obj
c:\users\fotis\onedrive - aueb.gr\opa\3ο εξάμηνο\inf232 - προγραμματισμός υπολογιστών με c++\εργασία\git\cppplatformersgg\cppplatformersgg\x64\release\pineapple.obj
c:\users\fotis\onedrive - aueb.gr\opa\3ο εξάμηνο\inf232 - προγραμματισμός υπολογιστών με c++\εργασία\git\cppplatformersgg\cppplatformersgg\x64\release\player.obj
c:\users\fotis\onedrive - aueb.gr\opa\3ο εξάμηνο\inf232 - προγραμματισμός υπολογιστών με c++\εργασία\git\cppplatformersgg\cppplatformersgg\x64\release\powerup.obj
c:\users\fotis\onedrive - aueb.gr\opa\3ο εξάμηνο\inf232 - προγραμματισμός υπολογιστών με c++\εργασία\git\cppplatformersgg\cppplatformersgg\x64\release\strawberry.obj
c:\users\fotis\onedrive - aueb.gr\opa\3ο εξάμηνο\inf232 - προγραμματισμός υπολογιστών με c++\εργασία\git\cppplatformersgg\cppplatformersgg\x64\release\wall.obj
c:\users\fotis\onedrive - aueb.gr\opa\3ο εξάμηνο\inf232 - προγραμματισμός υπολογιστών με c++\εργασία\git\cppplatformersgg\cppplatformersgg\x64\release\cppplatformersgg.ipdb
c:\users\fotis\onedrive - aueb.gr\opa\3ο εξάμηνο\inf232 - προγραμματισμός υπολογιστών με c++\εργασία\git\cppplatformersgg\cppplatformersgg\x64\release\cppplatformersgg.iobj
c:\users\fotis\onedrive - aueb.gr\opa\3ο εξάμηνο\inf232 - προγραμματισμός υπολογιστών με c++\εργασία\git\cppplatformersgg\cppplatformersgg\x64\release\vc143-grl136.pdb
c:\users\fotis\onedrive - aueb.gr\opa\3ο εξάμηνο\inf232 - προγραμματισμός υπολογιστών με c++\εργασία\git\cppplatformersgg\cppplatformersgg\x64\release\vc143.pdb
c:\users\fotis\onedrive - aueb.gr\opa\3ο εξάμηνο\inf232 - προγραμματισμός υπολογιστών με c++\εργασία\git\cppplatformersgg\bin\cppplatformersgg.pdb
c:\users\fotis\onedrive - aueb.gr\opa\3ο εξάμηνο\inf232 - προγραμματισμός υπολογιστών με c++\εργασία\git\cppplatformersgg\bin\cppplatformersgg.exe
c:\users\fotis\onedrive - aueb.gr\opa\3ο εξάμηνο\inf232 - προγραμματισμός υπολογιστών με c++\εργασία\git\cppplatformersgg\cppplatformersgg\x64\release\cppplatformersgg.tlog\cl.command.1.tlog
c:\users\fotis\onedrive - aueb.gr\opa\3ο εξάμηνο\inf232 - προγραμματισμός υπολογιστών με c++\εργασία\git\cppplatformersgg\cppplatformersgg\x64\release\cppplatformersgg.tlog\cl.items.tlog
c:\users\fotis\onedrive - aueb.gr\opa\3ο εξάμηνο\inf232 - προγραμματισμός υπολογιστών με c++\εργασία\git\cppplatformersgg\cppplatformersgg\x64\release\cppplatformersgg.tlog\cl.read.1.tlog
c:\users\fotis\onedrive - aueb.gr\opa\3ο εξάμηνο\inf232 - προγραμματισμός υπολογιστών με c++\εργασία\git\cppplatformersgg\cppplatformersgg\x64\release\cppplatformersgg.tlog\cl.write.1.tlog
c:\users\fotis\onedrive - aueb.gr\opa\3ο εξάμηνο\inf232 - προγραμματισμός υπολογιστών με c++\εργασία\git\cppplatformersgg\cppplatformersgg\x64\release\cppplatformersgg.tlog\link.command.1.tlog
c:\users\fotis\onedrive - aueb.gr\opa\3ο εξάμηνο\inf232 - προγραμματισμός υπολογιστών με c++\εργασία\git\cppplatformersgg\cppplatformersgg\x64\release\cppplatformersgg.tlog\link.read.1.tlog
c:\users\fotis\onedrive - aueb.gr\opa\3ο εξάμηνο\inf232 - προγραμματισμός υπολογιστών με c++\εργασία\git\cppplatformersgg\cppplatformersgg\x64\release\cppplatformersgg.tlog\link.write.1.tlog
