  Apple.cpp
  Bananas.cpp
  Cherries.cpp
  Enemy.cpp
C:\Users\vanfo\OneDrive - aueb.gr\OPA\3ο Εξάμηνο\INF232 - Προγραμματισμός Υπολογιστών με C++\Εργασία\Git\CppPlatformerSGG\CppPlatformerSGG\Enemy.cpp(34,43): warning C4244: '+=': conversion from 'double' to 'float', possible loss of data
C:\Users\vanfo\OneDrive - aueb.gr\OPA\3ο Εξάμηνο\INF232 - Προγραμματισμός Υπολογιστών με C++\Εργασία\Git\CppPlatformerSGG\CppPlatformerSGG\Enemy.cpp(38,23): warning C4244: '=': conversion from 'double' to 'float', possible loss of data
  Event.cpp
  GameObject.cpp
  GameState.cpp
  Kiwi.cpp
  Level.cpp
C:\Users\vanfo\OneDrive - aueb.gr\OPA\3ο Εξάμηνο\INF232 - Προγραμματισμός Υπολογιστών με C++\Εργασία\Git\CppPlatformerSGG\CppPlatformerSGG\Level.cpp(221,26): warning C4305: 'argument': truncation from 'double' to 'float'
C:\Users\vanfo\OneDrive - aueb.gr\OPA\3ο Εξάμηνο\INF232 - Προγραμματισμός Υπολογιστών με C++\Εργασία\Git\CppPlatformerSGG\CppPlatformerSGG\Level.cpp(221,21): warning C4305: 'argument': truncation from 'double' to 'float'
C:\Users\vanfo\OneDrive - aueb.gr\OPA\3ο Εξάμηνο\INF232 - Προγραμματισμός Υπολογιστών με C++\Εργασία\Git\CppPlatformerSGG\CppPlatformerSGG\Level.cpp(245,25): warning C4244: 'argument': conversion from 'double' to 'float', possible loss of data
C:\Users\vanfo\OneDrive - aueb.gr\OPA\3ο Εξάμηνο\INF232 - Προγραμματισμός Υπολογιστών με C++\Εργασία\Git\CppPlatformerSGG\CppPlatformerSGG\Level.cpp(246,25): warning C4305: 'argument': truncation from 'double' to 'float'
  main.cpp
  Melon.cpp
  Orange.cpp
  Pineapple.cpp
  Player.cpp
C:\Users\vanfo\OneDrive - aueb.gr\OPA\3ο Εξάμηνο\INF232 - Προγραμματισμός Υπολογιστών με C++\Εργασία\Git\CppPlatformerSGG\CppPlatformerSGG\Player.cpp(45,41): warning C4244: '+=': conversion from 'double' to 'float', possible loss of data
  PowerUp.cpp
C:\Users\vanfo\OneDrive - aueb.gr\OPA\3ο Εξάμηνο\INF232 - Προγραμματισμός Υπολογιστών με C++\Εργασία\Git\CppPlatformerSGG\CppPlatformerSGG\PowerUp.cpp(9,51): warning C4244: '+=': conversion from 'double' to 'float', possible loss of data
  Strawberry.cpp
  Wall.cpp
  Generating code
  Previous IPDB was built with incompatible compiler, fall back to full compilation.
  All 566 functions were compiled because no usable IPDB/IOBJ from previous compilation was found.
  Finished generating code
  CppPlatformerSGG.vcxproj -> C:\Users\vanfo\OneDrive - aueb.gr\OPA\3ο Εξάμηνο\INF232 - Προγραμματισμός Υπολογιστών με C++\Εργασία\Git\CppPlatformerSGG\bin\CppPlatformerSGG.exe
