  Apple.cpp
  Bananas.cpp
  CharSelect.cpp
D:\Σχολή\2023-2024 Χειμερινό\C++\repos\CppPlatformerSGG\CppPlatformerSGG\CharSelect.cpp(84,24): warning C4244: 'argument': conversion from 'int' to 'float', possible loss of data
  Cherries.cpp
  Congratulations.cpp
D:\Σχολή\2023-2024 Χειμερινό\C++\repos\CppPlatformerSGG\CppPlatformerSGG\Congratulations.cpp(88,27): warning C4244: 'argument': conversion from 'double' to 'float', possible loss of data
D:\Σχολή\2023-2024 Χειμερινό\C++\repos\CppPlatformerSGG\CppPlatformerSGG\Congratulations.cpp(91,41): warning C4244: 'argument': conversion from 'double' to 'float', possible loss of data
  End.cpp
D:\Σχολή\2023-2024 Χειμερινό\C++\repos\CppPlatformerSGG\CppPlatformerSGG\End.h(8,34): warning C4244: 'initializing': conversion from 'float' to 'const int', possible loss of data
  (compiling source file 'End.cpp')
  
D:\Σχολή\2023-2024 Χειμερινό\C++\repos\CppPlatformerSGG\CppPlatformerSGG\End.h(21,26): warning C4305: 'argument': truncation from 'double' to 'float'
  (compiling source file 'End.cpp')
  
  Enemy.cpp
D:\Σχολή\2023-2024 Χειμερινό\C++\repos\CppPlatformerSGG\CppPlatformerSGG\Enemy.cpp(84,125): warning C4305: 'argument': truncation from 'double' to 'float'
D:\Σχολή\2023-2024 Χειμερινό\C++\repos\CppPlatformerSGG\CppPlatformerSGG\Enemy.cpp(95,153): warning C4305: 'argument': truncation from 'double' to 'float'
D:\Σχολή\2023-2024 Χειμερινό\C++\repos\CppPlatformerSGG\CppPlatformerSGG\Enemy.cpp(107,117): warning C4305: 'argument': truncation from 'double' to 'float'
  Event.cpp
  GameObject.cpp
  GameOver.cpp
D:\Σχολή\2023-2024 Χειμερινό\C++\repos\CppPlatformerSGG\CppPlatformerSGG\GameOver.cpp(86,27): warning C4244: 'argument': conversion from 'double' to 'float', possible loss of data
D:\Σχολή\2023-2024 Χειμερινό\C++\repos\CppPlatformerSGG\CppPlatformerSGG\GameOver.cpp(89,41): warning C4244: 'argument': conversion from 'double' to 'float', possible loss of data
  GameState.cpp
D:\Σχολή\2023-2024 Χειμερινό\C++\repos\CppPlatformerSGG\CppPlatformerSGG\Weapon.h(24,31): warning C4305: 'argument': truncation from 'double' to 'float'
  (compiling source file 'GameState.cpp')
  
D:\Σχολή\2023-2024 Χειμερινό\C++\repos\CppPlatformerSGG\CppPlatformerSGG\Weapon.h(24,26): warning C4305: 'argument': truncation from 'double' to 'float'
  (compiling source file 'GameState.cpp')
  
  Kiwi.cpp
  Level.cpp
D:\Σχολή\2023-2024 Χειμερινό\C++\repos\CppPlatformerSGG\CppPlatformerSGG\Weapon.h(24,31): warning C4305: 'argument': truncation from 'double' to 'float'
  (compiling source file 'Level.cpp')
  
D:\Σχολή\2023-2024 Χειμερινό\C++\repos\CppPlatformerSGG\CppPlatformerSGG\Weapon.h(24,26): warning C4305: 'argument': truncation from 'double' to 'float'
  (compiling source file 'Level.cpp')
  
D:\Σχολή\2023-2024 Χειμερινό\C++\repos\CppPlatformerSGG\CppPlatformerSGG\End.h(8,34): warning C4244: 'initializing': conversion from 'float' to 'const int', possible loss of data
  (compiling source file 'Level.cpp')
  
D:\Σχολή\2023-2024 Χειμερινό\C++\repos\CppPlatformerSGG\CppPlatformerSGG\End.h(21,26): warning C4305: 'argument': truncation from 'double' to 'float'
  (compiling source file 'Level.cpp')
  
D:\Σχολή\2023-2024 Χειμερινό\C++\repos\CppPlatformerSGG\CppPlatformerSGG\Level.cpp(288,26): warning C4305: 'argument': truncation from 'double' to 'float'
D:\Σχολή\2023-2024 Χειμερινό\C++\repos\CppPlatformerSGG\CppPlatformerSGG\Level.cpp(288,21): warning C4305: 'argument': truncation from 'double' to 'float'
D:\Σχολή\2023-2024 Χειμερινό\C++\repos\CppPlatformerSGG\CppPlatformerSGG\Level.cpp(313,25): warning C4244: 'argument': conversion from 'double' to 'float', possible loss of data
D:\Σχολή\2023-2024 Χειμερινό\C++\repos\CppPlatformerSGG\CppPlatformerSGG\Level.cpp(314,25): warning C4305: 'argument': truncation from 'double' to 'float'
  main.cpp
  MainMenu.cpp
D:\Σχολή\2023-2024 Χειμερινό\C++\repos\CppPlatformerSGG\CppPlatformerSGG\MainMenu.cpp(90,27): warning C4244: 'argument': conversion from 'double' to 'float', possible loss of data
D:\Σχολή\2023-2024 Χειμερινό\C++\repos\CppPlatformerSGG\CppPlatformerSGG\MainMenu.cpp(93,41): warning C4244: 'argument': conversion from 'double' to 'float', possible loss of data
D:\Σχολή\2023-2024 Χειμερινό\C++\repos\CppPlatformerSGG\CppPlatformerSGG\MainMenu.cpp(98,31): warning C4244: 'argument': conversion from 'double' to 'float', possible loss of data
  Melon.cpp
  Menu.cpp
  Orange.cpp
  Pineapple.cpp
  Player.cpp
  Generating Code...
  Compiling...
  PowerUp.cpp
D:\Σχολή\2023-2024 Χειμερινό\C++\repos\CppPlatformerSGG\CppPlatformerSGG\PowerUp.cpp(34,125): warning C4305: 'argument': truncation from 'double' to 'float'
D:\Σχολή\2023-2024 Χειμερινό\C++\repos\CppPlatformerSGG\CppPlatformerSGG\PowerUp.cpp(44,153): warning C4305: 'argument': truncation from 'double' to 'float'
D:\Σχολή\2023-2024 Χειμερινό\C++\repos\CppPlatformerSGG\CppPlatformerSGG\PowerUp.cpp(55,117): warning C4305: 'argument': truncation from 'double' to 'float'
D:\Σχολή\2023-2024 Χειμερινό\C++\repos\CppPlatformerSGG\CppPlatformerSGG\PowerUp.cpp(85,48): warning C4244: '+=': conversion from 'double' to 'float', possible loss of data
  SetDiff.cpp
D:\Σχολή\2023-2024 Χειμερινό\C++\repos\CppPlatformerSGG\CppPlatformerSGG\SetDiff.cpp(91,27): warning C4244: 'argument': conversion from 'double' to 'float', possible loss of data
D:\Σχολή\2023-2024 Χειμερινό\C++\repos\CppPlatformerSGG\CppPlatformerSGG\SetDiff.cpp(96,41): warning C4244: 'argument': conversion from 'double' to 'float', possible loss of data
  Strawberry.cpp
  Wall.cpp
  Weapon.cpp
D:\Σχολή\2023-2024 Χειμερινό\C++\repos\CppPlatformerSGG\CppPlatformerSGG\Weapon.h(24,31): warning C4305: 'argument': truncation from 'double' to 'float'
  (compiling source file 'Weapon.cpp')
  
D:\Σχολή\2023-2024 Χειμερινό\C++\repos\CppPlatformerSGG\CppPlatformerSGG\Weapon.h(24,26): warning C4305: 'argument': truncation from 'double' to 'float'
  (compiling source file 'Weapon.cpp')
  
D:\Σχολή\2023-2024 Χειμερινό\C++\repos\CppPlatformerSGG\CppPlatformerSGG\Weapon.cpp(24,48): warning C4244: '=': conversion from 'float' to 'int', possible loss of data
D:\Σχολή\2023-2024 Χειμερινό\C++\repos\CppPlatformerSGG\CppPlatformerSGG\Weapon.cpp(32,13): warning C4305: '=': truncation from 'double' to 'float'
D:\Σχολή\2023-2024 Χειμερινό\C++\repos\CppPlatformerSGG\CppPlatformerSGG\Weapon.cpp(34,56): warning C4244: 'argument': conversion from 'double' to 'float', possible loss of data
D:\Σχολή\2023-2024 Χειμερινό\C++\repos\CppPlatformerSGG\CppPlatformerSGG\Weapon.cpp(89,38): warning C4244: '+=': conversion from 'double' to 'float', possible loss of data
  Generating Code...
  CppPlatformerSGG.vcxproj -> D:\Σχολή\2023-2024 Χειμερινό\C++\repos\CppPlatformerSGG\bin\CppPlatformerSGGd.exe
