c:\users\vanfo\onedrive - aueb.gr\opa\3ο εξάμηνο\inf232 - προγραμματισμός υπολογιστών με c++\εργασία\git\cppplatformersgg\cppplatformersgg\x64\debug\vc143.pdb
c:\users\vanfo\onedrive - aueb.gr\opa\3ο εξάμηνο\inf232 - προγραμματισμός υπολογιστών με c++\εργασία\git\cppplatformersgg\cppplatformersgg\x64\debug\vc143.idb
c:\users\vanfo\onedrive - aueb.gr\opa\3ο εξάμηνο\inf232 - προγραμματισμός υπολογιστών με c++\εργασία\git\cppplatformersgg\cppplatformersgg\x64\debug\wall.obj
c:\users\vanfo\onedrive - aueb.gr\opa\3ο εξάμηνο\inf232 - προγραμματισμός υπολογιστών με c++\εργασία\git\cppplatformersgg\cppplatformersgg\x64\debug\strawberry.obj
c:\users\vanfo\onedrive - aueb.gr\opa\3ο εξάμηνο\inf232 - προγραμματισμός υπολογιστών με c++\εργασία\git\cppplatformersgg\cppplatformersgg\x64\debug\powerup.obj
c:\users\vanfo\onedrive - aueb.gr\opa\3ο εξάμηνο\inf232 - προγραμματισμός υπολογιστών με c++\εργασία\git\cppplatformersgg\cppplatformersgg\x64\debug\player.obj
c:\users\vanfo\onedrive - aueb.gr\opa\3ο εξάμηνο\inf232 - προγραμματισμός υπολογιστών με c++\εργασία\git\cppplatformersgg\cppplatformersgg\x64\debug\pineapple.obj
c:\users\vanfo\onedrive - aueb.gr\opa\3ο εξάμηνο\inf232 - προγραμματισμός υπολογιστών με c++\εργασία\git\cppplatformersgg\cppplatformersgg\x64\debug\orange.obj
c:\users\vanfo\onedrive - aueb.gr\opa\3ο εξάμηνο\inf232 - προγραμματισμός υπολογιστών με c++\εργασία\git\cppplatformersgg\cppplatformersgg\x64\debug\melon.obj
c:\users\vanfo\onedrive - aueb.gr\opa\3ο εξάμηνο\inf232 - προγραμματισμός υπολογιστών με c++\εργασία\git\cppplatformersgg\cppplatformersgg\x64\debug\main.obj
c:\users\vanfo\onedrive - aueb.gr\opa\3ο εξάμηνο\inf232 - προγραμματισμός υπολογιστών με c++\εργασία\git\cppplatformersgg\cppplatformersgg\x64\debug\level.obj
c:\users\vanfo\onedrive - aueb.gr\opa\3ο εξάμηνο\inf232 - προγραμματισμός υπολογιστών με c++\εργασία\git\cppplatformersgg\cppplatformersgg\x64\debug\kiwi.obj
c:\users\vanfo\onedrive - aueb.gr\opa\3ο εξάμηνο\inf232 - προγραμματισμός υπολογιστών με c++\εργασία\git\cppplatformersgg\cppplatformersgg\x64\debug\gamestate.obj
c:\users\vanfo\onedrive - aueb.gr\opa\3ο εξάμηνο\inf232 - προγραμματισμός υπολογιστών με c++\εργασία\git\cppplatformersgg\cppplatformersgg\x64\debug\gameobject.obj
c:\users\vanfo\onedrive - aueb.gr\opa\3ο εξάμηνο\inf232 - προγραμματισμός υπολογιστών με c++\εργασία\git\cppplatformersgg\cppplatformersgg\x64\debug\event.obj
c:\users\vanfo\onedrive - aueb.gr\opa\3ο εξάμηνο\inf232 - προγραμματισμός υπολογιστών με c++\εργασία\git\cppplatformersgg\cppplatformersgg\x64\debug\enemy.obj
c:\users\vanfo\onedrive - aueb.gr\opa\3ο εξάμηνο\inf232 - προγραμματισμός υπολογιστών με c++\εργασία\git\cppplatformersgg\cppplatformersgg\x64\debug\cherries.obj
c:\users\vanfo\onedrive - aueb.gr\opa\3ο εξάμηνο\inf232 - προγραμματισμός υπολογιστών με c++\εργασία\git\cppplatformersgg\cppplatformersgg\x64\debug\bananas.obj
c:\users\vanfo\onedrive - aueb.gr\opa\3ο εξάμηνο\inf232 - προγραμματισμός υπολογιστών με c++\εργασία\git\cppplatformersgg\cppplatformersgg\x64\debug\apple.obj
c:\users\vanfo\onedrive - aueb.gr\opa\3ο εξάμηνο\inf232 - προγραμματισμός υπολογιστών με c++\εργασία\git\cppplatformersgg\bin\cppplatformersggd.exe
c:\users\vanfo\onedrive - aueb.gr\opa\3ο εξάμηνο\inf232 - προγραμματισμός υπολογιστών με c++\εργασία\git\cppplatformersgg\cppplatformersgg\x64\debug\cppplatformersggd.ilk
c:\users\vanfo\onedrive - aueb.gr\opa\3ο εξάμηνο\inf232 - προγραμματισμός υπολογιστών με c++\εργασία\git\cppplatformersgg\bin\cppplatformersggd.pdb
c:\users\vanfo\onedrive - aueb.gr\opa\3ο εξάμηνο\inf232 - προγραμματισμός υπολογιστών με c++\εργασία\git\cppplatformersgg\cppplatformersgg\x64\debug\collected.obj
c:\users\vanfo\onedrive - aueb.gr\opa\3ο εξάμηνο\inf232 - προγραμματισμός υπολογιστών με c++\εργασία\git\cppplatformersgg\cppplatformersgg\x64\debug\event-desktop-lt09cfi.obj
c:\users\vanfo\onedrive - aueb.gr\opa\3ο εξάμηνο\inf232 - προγραμματισμός υπολογιστών με c++\εργασία\git\cppplatformersgg\cppplatformersgg\x64\debug\main-desktop-lt09cfi.obj
c:\users\vanfo\onedrive - aueb.gr\opa\3ο εξάμηνο\inf232 - προγραμματισμός υπολογιστών με c++\εργασία\git\cppplatformersgg\cppplatformersgg\x64\debug\player-desktop-lt09cfi.obj
c:\users\vanfo\onedrive - aueb.gr\opa\3ο εξάμηνο\inf232 - προγραμματισμός υπολογιστών με c++\εργασία\git\cppplatformersgg\cppplatformersgg\x64\debug\vwall.obj
c:\users\vanfo\onedrive - aueb.gr\opa\3ο εξάμηνο\inf232 - προγραμματισμός υπολογιστών με c++\εργασία\git\cppplatformersgg\cppplatformersgg\x64\debug\wall-desktop-lt09cfi.obj
c:\users\vanfo\onedrive - aueb.gr\opa\3ο εξάμηνο\inf232 - προγραμματισμός υπολογιστών με c++\εργασία\git\cppplatformersgg\cppplatformersgg\x64\debug\level.obj.enc
c:\users\vanfo\onedrive - aueb.gr\opa\3ο εξάμηνο\inf232 - προγραμματισμός υπολογιστών με c++\εργασία\git\cppplatformersgg\cppplatformersgg\x64\debug\vc141.idb
c:\users\vanfo\onedrive - aueb.gr\opa\3ο εξάμηνο\inf232 - προγραμματισμός υπολογιστών με c++\εργασία\git\cppplatformersgg\cppplatformersgg\x64\debug\vc141.pdb
c:\users\vanfo\onedrive - aueb.gr\opa\3ο εξάμηνο\inf232 - προγραμματισμός υπολογιστών με c++\εργασία\git\cppplatformersgg\bin\cppplatformersggd.ilk
c:\users\vanfo\onedrive - aueb.gr\opa\3ο εξάμηνο\inf232 - προγραμματισμός υπολογιστών με c++\εργασία\git\cppplatformersgg\cppplatformersgg\x64\debug\cppplatformersgg.tlog\cl.command.1.tlog
c:\users\vanfo\onedrive - aueb.gr\opa\3ο εξάμηνο\inf232 - προγραμματισμός υπολογιστών με c++\εργασία\git\cppplatformersgg\cppplatformersgg\x64\debug\cppplatformersgg.tlog\cl.items.tlog
c:\users\vanfo\onedrive - aueb.gr\opa\3ο εξάμηνο\inf232 - προγραμματισμός υπολογιστών με c++\εργασία\git\cppplatformersgg\cppplatformersgg\x64\debug\cppplatformersgg.tlog\cl.read.1.tlog
c:\users\vanfo\onedrive - aueb.gr\opa\3ο εξάμηνο\inf232 - προγραμματισμός υπολογιστών με c++\εργασία\git\cppplatformersgg\cppplatformersgg\x64\debug\cppplatformersgg.tlog\cl.write.1.tlog
c:\users\vanfo\onedrive - aueb.gr\opa\3ο εξάμηνο\inf232 - προγραμματισμός υπολογιστών με c++\εργασία\git\cppplatformersgg\cppplatformersgg\x64\debug\cppplatformersgg.tlog\link.command.1.tlog
c:\users\vanfo\onedrive - aueb.gr\opa\3ο εξάμηνο\inf232 - προγραμματισμός υπολογιστών με c++\εργασία\git\cppplatformersgg\cppplatformersgg\x64\debug\cppplatformersgg.tlog\link.read.1.tlog
c:\users\vanfo\onedrive - aueb.gr\opa\3ο εξάμηνο\inf232 - προγραμματισμός υπολογιστών με c++\εργασία\git\cppplatformersgg\cppplatformersgg\x64\debug\cppplatformersgg.tlog\link.write.1.tlog
